SF:lib\src\custom_quick_alert.dart
DA:38,0
DA:71,1
DA:76,3
DA:79,1
DA:82,0
DA:85,0
DA:87,0
DA:89,0
DA:91,0
DA:93,0
DA:95,0
DA:97,0
DA:99,0
DA:105,1
DA:134,1
DA:166,1
DA:195,1
DA:227,1
DA:256,1
DA:288,1
DA:319,1
DA:351,1
DA:382,1
DA:412,1
DA:422,1
DA:443,1
DA:474,1
DA:506,1
DA:507,1
DA:511,3
DA:512,2
DA:519,1
DA:521,1
DA:523,1
DA:525,1
DA:534,1
DA:557,1
DA:559,0
DA:569,1
DA:570,0
DA:573,1
DA:574,0
DA:578,1
DA:581,1
DA:582,0
DA:588,2
DA:589,2
DA:590,3
DA:591,2
DA:599,1
DA:601,1
DA:603,1
DA:605,1
DA:609,1
DA:612,1
DA:613,2
DA:615,1
DA:617,1
DA:618,1
DA:619,1
DA:621,1
DA:622,4
DA:623,5
DA:628,1
DA:630,1
DA:632,1
DA:634,1
DA:635,1
DA:640,1
DA:641,1
DA:646,1
DA:647,1
DA:652,1
DA:653,1
DA:656,1
DA:657,1
DA:658,1
DA:660,1
DA:663,1
DA:665,1
DA:666,1
DA:668,1
DA:670,1
DA:672,1
DA:674,1
DA:676,0
DA:679,0
DA:682,0
DA:683,0
DA:686,0
DA:687,0
DA:698,1
DA:700,1
DA:702,1
DA:706,1
DA:715,1
DA:717,1
DA:719,1
DA:730,0
DA:732,1
DA:735,1
DA:737,1
DA:738,1
DA:740,1
DA:741,1
DA:743,1
DA:744,1
DA:745,1
DA:746,1
DA:752,1
DA:754,1
DA:755,1
DA:757,1
DA:758,1
DA:759,0
DA:760,1
DA:761,2
DA:764,1
DA:766,1
DA:767,1
DA:768,1
DA:770,1
DA:783,1
DA:785,1
DA:786,1
DA:788,1
DA:789,1
DA:791,1
DA:792,1
DA:794,1
DA:804,1
DA:805,1
DA:806,1
DA:811,1
DA:812,1
DA:819,1
DA:821,1
DA:822,1
DA:824,1
DA:825,1
DA:826,0
DA:827,0
DA:828,2
DA:831,1
DA:833,1
DA:834,1
DA:835,1
DA:837,1
DA:863,1
DA:870,0
DA:874,0
DA:875,0
DA:876,0
DA:877,0
DA:878,0
LF:155
LH:125
end_of_record
SF:lib\src\models\quick_alert_config.dart
DA:11,0
DA:123,0
DA:151,0
DA:152,0
DA:153,0
DA:154,0
DA:155,0
DA:156,0
DA:157,0
DA:158,0
DA:159,0
DA:160,0
DA:161,0
DA:162,0
DA:163,0
DA:164,0
DA:165,0
DA:166,0
DA:167,0
DA:168,0
DA:169,0
DA:170,0
DA:171,0
DA:172,0
DA:173,0
DA:174,0
DA:175,0
DA:176,0
DA:177,0
DA:178,0
DA:181,0
DA:184,0
DA:185,0
DA:186,0
DA:187,0
DA:188,0
DA:189,0
DA:190,0
DA:191,0
DA:192,0
DA:193,0
DA:194,0
DA:195,0
DA:196,0
DA:197,0
DA:198,0
DA:199,0
DA:200,0
DA:201,0
DA:202,0
DA:203,0
DA:204,0
DA:205,0
DA:206,0
DA:207,0
DA:208,0
DA:209,0
DA:210,0
DA:211,0
DA:214,0
DA:215,0
DA:216,0
DA:217,0
DA:218,0
DA:219,0
DA:220,0
DA:221,0
DA:222,0
DA:223,0
DA:224,0
DA:225,0
DA:226,0
DA:227,0
DA:228,0
DA:229,0
DA:230,0
DA:231,0
DA:232,0
DA:233,0
DA:234,0
DA:235,0
DA:236,0
DA:237,0
DA:238,0
DA:239,0
DA:240,0
DA:241,0
DA:242,0
LF:88
LH:0
end_of_record
SF:lib\src\models\quick_alert_theme.dart
DA:11,1
DA:151,0
DA:153,0
DA:155,0
DA:157,0
DA:159,0
DA:161,0
DA:163,0
DA:165,0
DA:171,0
DA:185,0
DA:186,0
DA:187,0
DA:188,0
DA:189,0
DA:190,0
DA:191,0
DA:192,0
DA:193,0
DA:194,0
DA:195,0
DA:196,0
DA:197,0
DA:198,0
DA:201,0
DA:204,0
DA:205,0
DA:206,0
DA:207,0
DA:208,0
DA:209,0
DA:210,0
DA:211,0
DA:212,0
DA:213,0
DA:214,0
DA:215,0
DA:216,0
DA:217,0
DA:220,0
DA:221,0
DA:222,0
DA:223,0
DA:224,0
DA:225,0
DA:226,0
DA:227,0
DA:228,0
DA:229,0
DA:230,0
DA:231,0
DA:232,0
DA:233,0
DA:234,0
LF:54
LH:1
end_of_record
SF:lib\src\utils\asset_helper.dart
DA:5,0
DA:24,2
DA:27,2
DA:28,1
DA:31,0
DA:34,0
LF:6
LH:3
end_of_record
