SF:lib\src\alert_content.dart
DA:28,1
DA:52,1
DA:55,2
DA:57,1
DA:58,5
DA:60,1
DA:62,1
DA:63,1
DA:64,1
DA:67,1
DA:73,1
DA:74,1
DA:75,1
DA:77,1
DA:78,1
DA:81,1
DA:85,1
DA:86,2
DA:88,1
DA:90,1
DA:92,2
DA:95,1
DA:96,1
DA:99,1
DA:101,1
DA:102,1
DA:105,1
DA:106,1
DA:107,1
DA:108,1
DA:109,1
DA:111,1
DA:112,2
DA:113,1
DA:114,1
DA:117,1
DA:119,1
DA:120,2
DA:121,1
DA:124,1
DA:126,1
DA:127,1
DA:128,2
DA:132,3
DA:133,1
DA:134,1
DA:135,1
DA:136,1
DA:138,1
DA:139,1
DA:140,1
DA:144,1
DA:146,1
DA:147,2
DA:148,1
DA:151,1
DA:153,1
DA:155,1
DA:156,1
DA:157,2
LF:60
LH:60
end_of_record
SF:lib\src\custom_quick_alert.dart
DA:13,1
DA:38,1
DA:66,1
DA:91,1
DA:119,1
DA:144,1
DA:172,1
DA:197,1
DA:225,1
DA:250,1
DA:278,1
DA:285,1
DA:291,1
DA:294,1
DA:321,1
DA:325,2
DA:326,1
DA:330,1
DA:353,1
DA:355,1
DA:356,1
DA:358,1
DA:359,1
DA:360,1
DA:362,1
DA:363,1
DA:364,1
DA:374,1
DA:375,4
DA:380,1
DA:387,1
DA:394,1
DA:395,1
DA:396,1
DA:397,2
DA:399,1
DA:400,0
DA:401,0
DA:402,0
DA:404,1
DA:405,3
DA:406,1
DA:407,2
DA:408,2
DA:410,0
DA:411,0
DA:412,0
DA:413,0
DA:414,0
DA:416,0
DA:417,0
DA:418,0
DA:419,0
DA:420,0
DA:422,0
DA:423,0
DA:424,0
DA:425,0
DA:426,0
DA:434,1
DA:435,3
DA:436,3
LF:62
LH:44
end_of_record
SF:lib\src\custom_quick_alert_loader.dart
DA:15,1
DA:21,2
DA:22,0
DA:28,1
DA:29,4
DA:31,1
DA:33,1
DA:35,1
DA:37,1
DA:38,1
DA:41,1
DA:43,1
DA:45,1
DA:46,1
DA:60,0
DA:62,0
LF:16
LH:13
end_of_record
SF:lib\src\custom_quick_alert_navigator.dart
DA:3,2
DA:4,1
LF:2
LH:2
end_of_record
SF:lib\src\utils\alignment_helper.dart
DA:4,1
DA:6,1
DA:8,1
DA:10,1
LF:4
LH:4
end_of_record
SF:lib\src\utils\custom_quick_alert_assets.dart
DA:8,0
DA:33,0
DA:62,1
DA:77,1
LF:4
LH:2
end_of_record
SF:lib\src\utils\custom_quick_alert_button.dart
DA:22,0
DA:31,0
DA:33,0
DA:36,0
DA:37,0
DA:38,0
DA:39,0
DA:40,0
DA:41,0
DA:42,0
DA:45,0
DA:46,0
DA:47,0
DA:48,0
DA:54,0
DA:55,0
DA:56,0
DA:57,0
DA:58,0
DA:59,0
DA:62,0
DA:63,0
DA:64,0
DA:65,0
LF:24
LH:0
end_of_record
SF:lib\src\utils\default_lottie_helper.dart
DA:3,1
DA:5,1
DA:7,1
DA:9,1
DA:11,1
DA:13,1
DA:15,1
DA:17,1
LF:8
LH:8
end_of_record
